This is XeTeX, Version 3.1415926-2.4-0.9998 (TeX Live 2012/Debian) (format=xelatex 2013.6.4)  25 JUN 2013 16:43
entering extended mode
 restricted \write18 enabled.
 %&-line parsing enabled.
**chap2.tex
(./chap2.tex
LaTeX2e <2011/06/27>
Babel <v3.8m> and hyphenation patterns for english, dumylang, nohyphenation, lo
aded.
! Undefined control sequence.
l.1 \chapter
            {研究过程}
? X
 
Here is how much of TeX's memory you used:
 4 strings out of 495716
 34 string characters out of 3188884
 45143 words of memory out of 3000000
 3245 multiletter control sequences out of 15000+200000
 3640 words of font info for 14 fonts, out of 3000000 for 9000
 14 hyphenation exceptions out of 8191
 5i,0n,1p,28b,8s stack positions out of 5000i,500n,10000p,200000b,50000s
No pages of output.
